Copyright 1986-2022 Xilinx, Inc. All Rights Reserved.
---------------------------------------------------------------------------------------------------------------------------
| Tool Version : Vivado v.2022.1 (win64) Build 3526262 Mon Apr 18 15:48:16 MDT 2022
| Date         : Mon Dec 18 12:10:39 2023
| Host         : DESKTOP-8PI2STL running 64-bit major release  (build 9200)
| Command      : report_drc -file ethernet_top_drc_opted.rpt -pb ethernet_top_drc_opted.pb -rpx ethernet_top_drc_opted.rpx
| Design       : ethernet_top
| Device       : xc7a100tcsg324-1
| Speed File   : -1
| Design State : Synthesized
---------------------------------------------------------------------------------------------------------------------------

Report DRC

Table of Contents
-----------------
1. REPORT SUMMARY
2. REPORT DETAILS

1. REPORT SUMMARY
-----------------
            Netlist: netlist
          Floorplan: design_1
      Design limits: <entire design considered>
           Ruledeck: default
             Max violations: <unlimited>
             Violations found: 12
+----------+----------+-------------------------------------------------------------------+------------+
| Rule     | Severity | Description                                                       | Violations |
+----------+----------+-------------------------------------------------------------------+------------+
| CFGBVS-1 | Warning  | Missing CFGBVS and CONFIG_VOLTAGE Design Properties               | 1          |
| RPBF-3   | Warning  | IO port buffering is incomplete                                   | 3          |
| AVAL-4   | Advisory | enum_USE_DPORT_FALSE_enum_DREG_ADREG_0_connects_CED_CEAD_RSTD_GND | 2          |
| AVAL-5   | Advisory | enum_USE_MULT_NONE_enum_DREG_ADREG_0_connects_CED_CEAD_RSTD_GND   | 2          |
| REQP-28  | Advisory | enum_USE_MULT_NONE_connects_CEM_GND                               | 2          |
| REQP-30  | Advisory | enum_MREG_0_connects_CEM_GND                                      | 2          |
+----------+----------+-------------------------------------------------------------------+------------+

2. REPORT DETAILS
-----------------
CFGBVS-1#1 Warning
Missing CFGBVS and CONFIG_VOLTAGE Design Properties  
Neither the CFGBVS nor CONFIG_VOLTAGE voltage property is set in the current_design.  Configuration bank voltage select (CFGBVS) must be set to VCCO or GND, and CONFIG_VOLTAGE must be set to the correct configuration voltage, in order to determine the I/O voltage support for the pins in bank 0.  It is suggested to specify these either using the 'Edit Device Properties' function in the GUI or directly in the XDC file using the following syntax:

 set_property CFGBVS value1 [current_design]
 #where value1 is either VCCO or GND

 set_property CONFIG_VOLTAGE value2 [current_design]
 #where value2 is the voltage provided to configuration bank 0

Refer to the device configuration user guide for more information.
Related violations: <none>

RPBF-3#1 Warning
IO port buffering is incomplete  
Device port ETH_CRSDV expects both input and output buffering but the buffers are incomplete.
Related violations: <none>

RPBF-3#2 Warning
IO port buffering is incomplete  
Device port ETH_RXD[0] expects both input and output buffering but the buffers are incomplete.
Related violations: <none>

RPBF-3#3 Warning
IO port buffering is incomplete  
Device port ETH_RXD[1] expects both input and output buffering but the buffers are incomplete.
Related violations: <none>

AVAL-4#1 Advisory
enum_USE_DPORT_FALSE_enum_DREG_ADREG_0_connects_CED_CEAD_RSTD_GND  
pdm_microphone_i/cic_compiler/U0/i_synth/decimator.decimation_filter/comb/gen_stages[0].gen_folded.int_comb_stage/gen_split_accum[0].gen_sum_struct.gen_sum/gen_structural.gen_virtex.gen_dsp48e.gen_dsp48e1_v6.dsp48e1_v6: DSP48E1 is not using the D port (USE_DPORT = FALSE). For improved power characteristics, set DREG and ADREG to '1', tie CED, CEAD, and RSTD to logic '0'.
Related violations: <none>

AVAL-4#2 Advisory
enum_USE_DPORT_FALSE_enum_DREG_ADREG_0_connects_CED_CEAD_RSTD_GND  
pdm_microphone_i/cic_compiler/U0/i_synth/decimator.decimation_filter/int/gen_stages[0].gen_folded.int_comb_stage/gen_split_accum[0].gen_sum_struct.gen_sum/gen_structural.gen_virtex.gen_dsp48e.gen_dsp48e1_v6.dsp48e1_v6: DSP48E1 is not using the D port (USE_DPORT = FALSE). For improved power characteristics, set DREG and ADREG to '1', tie CED, CEAD, and RSTD to logic '0'.
Related violations: <none>

AVAL-5#1 Advisory
enum_USE_MULT_NONE_enum_DREG_ADREG_0_connects_CED_CEAD_RSTD_GND  
pdm_microphone_i/cic_compiler/U0/i_synth/decimator.decimation_filter/comb/gen_stages[0].gen_folded.int_comb_stage/gen_split_accum[0].gen_sum_struct.gen_sum/gen_structural.gen_virtex.gen_dsp48e.gen_dsp48e1_v6.dsp48e1_v6: DSP48E1 is not using the Multiplier (USE_MULT = NONE). For improved power characteristics, set DREG and ADREG to '1', tie CED, CEAD, and RSTD to logic '0'.
Related violations: <none>

AVAL-5#2 Advisory
enum_USE_MULT_NONE_enum_DREG_ADREG_0_connects_CED_CEAD_RSTD_GND  
pdm_microphone_i/cic_compiler/U0/i_synth/decimator.decimation_filter/int/gen_stages[0].gen_folded.int_comb_stage/gen_split_accum[0].gen_sum_struct.gen_sum/gen_structural.gen_virtex.gen_dsp48e.gen_dsp48e1_v6.dsp48e1_v6: DSP48E1 is not using the Multiplier (USE_MULT = NONE). For improved power characteristics, set DREG and ADREG to '1', tie CED, CEAD, and RSTD to logic '0'.
Related violations: <none>

REQP-28#1 Advisory
enum_USE_MULT_NONE_connects_CEM_GND  
pdm_microphone_i/cic_compiler/U0/i_synth/decimator.decimation_filter/comb/gen_stages[0].gen_folded.int_comb_stage/gen_split_accum[0].gen_sum_struct.gen_sum/gen_structural.gen_virtex.gen_dsp48e.gen_dsp48e1_v6.dsp48e1_v6: When the DSP48E1 USE_MULT attribute is set to NONE, the CEM input pin should be tied to GND to save power.
Related violations: <none>

REQP-28#2 Advisory
enum_USE_MULT_NONE_connects_CEM_GND  
pdm_microphone_i/cic_compiler/U0/i_synth/decimator.decimation_filter/int/gen_stages[0].gen_folded.int_comb_stage/gen_split_accum[0].gen_sum_struct.gen_sum/gen_structural.gen_virtex.gen_dsp48e.gen_dsp48e1_v6.dsp48e1_v6: When the DSP48E1 USE_MULT attribute is set to NONE, the CEM input pin should be tied to GND to save power.
Related violations: <none>

REQP-30#1 Advisory
enum_MREG_0_connects_CEM_GND  
pdm_microphone_i/cic_compiler/U0/i_synth/decimator.decimation_filter/comb/gen_stages[0].gen_folded.int_comb_stage/gen_split_accum[0].gen_sum_struct.gen_sum/gen_structural.gen_virtex.gen_dsp48e.gen_dsp48e1_v6.dsp48e1_v6: When the DSP48E1 MREG attribute is set to 0, the CEM input pin should be tied to GND to save power.
Related violations: <none>

REQP-30#2 Advisory
enum_MREG_0_connects_CEM_GND  
pdm_microphone_i/cic_compiler/U0/i_synth/decimator.decimation_filter/int/gen_stages[0].gen_folded.int_comb_stage/gen_split_accum[0].gen_sum_struct.gen_sum/gen_structural.gen_virtex.gen_dsp48e.gen_dsp48e1_v6.dsp48e1_v6: When the DSP48E1 MREG attribute is set to 0, the CEM input pin should be tied to GND to save power.
Related violations: <none>


