Copyright 1986-2022 Xilinx, Inc. All Rights Reserved.
------------------------------------------------------------------------------------
| Tool Version : Vivado v.2022.1 (win64) Build 3526262 Mon Apr 18 15:48:16 MDT 2022
| Date         : Sun Nov 26 18:35:15 2023
| Host         : DESKTOP-8PI2STL running 64-bit major release  (build 9200)
| Command      : upgrade_ip
| Device       : xc7a100tcsg324-1
------------------------------------------------------------------------------------

Upgrade Log for IP 'xfft_0'

1. Summary
----------

SUCCESS in the upgrade of xfft_0 (xilinx.com:ip:xfft:9.1) from (Rev. 6) to (Rev. 8)






Copyright 1986-2022 Xilinx, Inc. All Rights Reserved.
------------------------------------------------------------------------------------
| Tool Version : Vivado v.2022.1 (win64) Build 3526262 Mon Apr 18 15:48:16 MDT 2022
| Date         : Sun Nov 26 18:35:11 2023
| Host         : DESKTOP-8PI2STL running 64-bit major release  (build 9200)
| Command      : upgrade_ip
| Device       : xc7a100tcsg324-1
------------------------------------------------------------------------------------

Upgrade Log for IP 'window_multiplier'

1. Summary
----------

SUCCESS in the upgrade of window_multiplier (xilinx.com:ip:mult_gen:12.0) from (Rev. 17) to (Rev. 18)






Copyright 1986-2022 Xilinx, Inc. All Rights Reserved.
------------------------------------------------------------------------------------
| Tool Version : Vivado v.2022.1 (win64) Build 3526262 Mon Apr 18 15:48:16 MDT 2022
| Date         : Sun Nov 26 18:35:11 2023
| Host         : DESKTOP-8PI2STL running 64-bit major release  (build 9200)
| Command      : upgrade_ip
| Device       : xc7a100tcsg324-1
------------------------------------------------------------------------------------

Upgrade Log for IP 'data_fifo'

1. Summary
----------

SUCCESS in the upgrade of data_fifo (xilinx.com:ip:fifo_generator:13.2) from (Rev. 5) to (Rev. 7)






Copyright 1986-2022 Xilinx, Inc. All Rights Reserved.
------------------------------------------------------------------------------------
| Tool Version : Vivado v.2022.1 (win64) Build 3526262 Mon Apr 18 15:48:16 MDT 2022
| Date         : Sun Nov 26 18:35:11 2023
| Host         : DESKTOP-8PI2STL running 64-bit major release  (build 9200)
| Command      : upgrade_ip
| Device       : xc7a100tcsg324-1
------------------------------------------------------------------------------------

Upgrade Log for IP 'clk_wiz_0'

1. Summary
----------

SUCCESS in the upgrade of clk_wiz_0 (xilinx.com:ip:clk_wiz:6.0) from (Rev. 8) to (Rev. 10)






Copyright 1986-2022 Xilinx, Inc. All Rights Reserved.
------------------------------------------------------------------------------------
| Tool Version : Vivado v.2022.1 (win64) Build 3526262 Mon Apr 18 15:48:16 MDT 2022
| Date         : Sun Nov 26 18:35:08 2023
| Host         : DESKTOP-8PI2STL running 64-bit major release  (build 9200)
| Command      : upgrade_ip
| Device       : xc7a100tcsg324-1
------------------------------------------------------------------------------------

Upgrade Log for IP 'cic_compiler_0'

1. Summary
----------

SUCCESS in the upgrade of cic_compiler_0 (xilinx.com:ip:cic_compiler:4.0) from (Rev. 15) to (Rev. 16)

